1590907423397	webdriver::command	WARN	You are using deprecated legacy session negotiation patterns (desiredCapabilities/requiredCapabilities), see https://developer.mozilla.org/en-US/docs/Web/WebDriver/Capabilities#Legacy
1590907423507	mozrunner::runner	INFO	Running command: "C:\\Program Files\\Mozilla Firefox\\firefox.exe" "-marionette" "-foreground" "-no-remote" "-profile" "C:\\Users\\m1361\\AppData\\Local\\Temp\\rust_mozprofileDaWxbf"
1590907425029	addons.webextension.doh-rollout@mozilla.org	WARN	Loading extension 'doh-rollout@mozilla.org': Reading manifest: Invalid extension permission: networkStatus
1590907426882	addons.webextension.screenshots@mozilla.org	WARN	Loading extension 'screenshots@mozilla.org': Reading manifest: Invalid extension permission: mozillaAddons
1590907426882	addons.webextension.screenshots@mozilla.org	WARN	Loading extension 'screenshots@mozilla.org': Reading manifest: Invalid extension permission: telemetry
1590907426882	addons.webextension.screenshots@mozilla.org	WARN	Loading extension 'screenshots@mozilla.org': Reading manifest: Invalid extension permission: resource://pdf.js/
1590907426882	addons.webextension.screenshots@mozilla.org	WARN	Loading extension 'screenshots@mozilla.org': Reading manifest: Invalid extension permission: about:reader*
JavaScript error: resource://gre/modules/XULStore.jsm, line 66: Error: Can't find profile directory.
1590907433005	Marionette	INFO	Listening on port 62461
1590907433488	Marionette	WARN	TLS certificate errors will be ignored for this session
1590907465809	Marionette	INFO	Stopped listening on port 62461

###!!! [Child][MessageChannel::SendAndWait] Error: Channel error: cannot send/recv

1590907904766	webdriver::command	WARN	You are using deprecated legacy session negotiation patterns (desiredCapabilities/requiredCapabilities), see https://developer.mozilla.org/en-US/docs/Web/WebDriver/Capabilities#Legacy
1590907904810	mozrunner::runner	INFO	Running command: "C:\\Program Files\\Mozilla Firefox\\firefox.exe" "-marionette" "-foreground" "-no-remote" "-profile" "C:\\Users\\m1361\\AppData\\Local\\Temp\\rust_mozprofile42x3Lg"
1590907906247	addons.webextension.doh-rollout@mozilla.org	WARN	Loading extension 'doh-rollout@mozilla.org': Reading manifest: Invalid extension permission: networkStatus
1590907907838	addons.webextension.screenshots@mozilla.org	WARN	Loading extension 'screenshots@mozilla.org': Reading manifest: Invalid extension permission: mozillaAddons
1590907907839	addons.webextension.screenshots@mozilla.org	WARN	Loading extension 'screenshots@mozilla.org': Reading manifest: Invalid extension permission: telemetry
1590907907839	addons.webextension.screenshots@mozilla.org	WARN	Loading extension 'screenshots@mozilla.org': Reading manifest: Invalid extension permission: resource://pdf.js/
1590907907839	addons.webextension.screenshots@mozilla.org	WARN	Loading extension 'screenshots@mozilla.org': Reading manifest: Invalid extension permission: about:reader*
JavaScript error: resource://gre/modules/XULStore.jsm, line 66: Error: Can't find profile directory.
1590907913191	Marionette	INFO	Listening on port 62856
1590907913244	Marionette	WARN	TLS certificate errors will be ignored for this session
1590912029305	Marionette	INFO	Stopped listening on port 62856

###!!! [Child][MessageChannel::SendAndWait] Error: Channel error: cannot send/recv

s://developer.mozilla.org/en-US/docs/Web/WebDriver/Capabilities#Legacy
1590912002585	mozrunner::runner	INFO	Running command: "C:\\Program Files\\Mozilla Firefox\\firefox.exe" "-marionette" "-foreground" "-no-remote" "-profile" "C:\\Users\\m1361\\AppData\\Local\\Temp\\rust_mozprofile40NQRc"
1590912003346	addons.webextension.doh-rollout@mozilla.org	WARN	Loading extension 'doh-rollout@mozilla.org': Reading manifest: Invalid extension permission: networkStatus
1590912005725	addons.webextension.screenshots@mozilla.org	WARN	Loading extension 'screenshots@mozilla.org': Reading manifest: Invalid extension permission: mozillaAddons
1590912005725	addons.webextension.screenshots@mozilla.org	WARN	Loading extension 'screenshots@mozilla.org': Reading manifest: Invalid extension permission: telemetry
1590912005725	addons.webextension.screenshots@mozilla.org	WARN	Loading extension 'screenshots@mozilla.org': Reading manifest: Invalid extension permission: resource://pdf.js/
1590912005725	addons.webextension.screenshots@mozilla.org	WARN	Loading extension 'screenshots@mozilla.org': Reading manifest: Invalid extension permission: about:reader*
JavaScript error: resource://gre/modules/XULStore.jsm, line 66: Error: Can't find profile directory.
1590912010157	Marionette	INFO	Listening on port 49603
1590912010404	Marionette	WARN	TLS certificate errors will be ignored for this session
1590912031176	Marionette	INFO	Stopped listening on port 49603

###!!! [Child][RunMessage] Error: Channel closing: too late to send/recv, messages will be lost


###!!! [Child][MessageChannel::SendAndWait] Error: Channel error: cannot send/recv

1590912525628	webdriver::command	WARN	You are using deprecated legacy session negotiation patterns (desiredCapabilities/requiredCapabilities), see https://developer.mozilla.org/en-US/docs/Web/WebDriver/Capabilities#Legacy
1590912525658	mozrunner::runner	INFO	Running command: "C:\\Program Files\\Mozilla Firefox\\firefox.exe" "-marionette" "-foreground" "-no-remote" "-profile" "C:\\Users\\m1361\\AppData\\Local\\Temp\\rust_mozprofileT1s6E0"
1590912526372	addons.webextension.doh-rollout@mozilla.org	WARN	Loading extension 'doh-rollout@mozilla.org': Reading manifest: Invalid extension permission: networkStatus
1590912528090	addons.webextension.screenshots@mozilla.org	WARN	Loading extension 'screenshots@mozilla.org': Reading manifest: Invalid extension permission: mozillaAddons
1590912528090	addons.webextension.screenshots@mozilla.org	WARN	Loading extension 'screenshots@mozilla.org': Reading manifest: Invalid extension permission: telemetry
1590912528090	addons.webextension.screenshots@mozilla.org	WARN	Loading extension 'screenshots@mozilla.org': Reading manifest: Invalid extension permission: resource://pdf.js/
1590912528090	addons.webextension.screenshots@mozilla.org	WARN	Loading extension 'screenshots@mozilla.org': Reading manifest: Invalid extension permission: about:reader*
JavaScript error: resource://gre/modules/XULStore.jsm, line 66: Error: Can't find profile directory.
1590912532328	Marionette	INFO	Listening on port 50030
1590912532568	Marionette	WARN	TLS certificate errors will be ignored for this session
1590912546708	Marionette	INFO	Stopped listening on port 50030

###!!! [Child][RunMessage] Error: Channel closing: too late to send/recv, messages will be lost


###!!! [Child][MessageChannel::SendAndWait] Error: Channel error: cannot send/recv

